<?xml version="1.0" encoding="UTF-8"?>
<testsuite xmlns:xsi="http://www.w3.org/2001/XMLSchema-instance" xsi:noNamespaceSchemaLocation="https://maven.apache.org/surefire/maven-surefire-plugin/xsd/surefire-test-report.xsd" name="unam.ciencias.computoconcurrente.SimulationTest" time="40.227" tests="4" errors="0" skipped="0" failures="4">
  <properties>
    <property name="sun.desktop" value="gnome"/>
    <property name="awt.toolkit" value="sun.awt.X11.XToolkit"/>
    <property name="java.specification.version" value="13"/>
    <property name="sun.jnu.encoding" value="UTF-8"/>
    <property name="java.class.path" value="/home/alexis/Escritorio/Carpeta/semestre9/Concurrente/Practicas/Practica04/target/test-classes:/home/alexis/Escritorio/Carpeta/semestre9/Concurrente/Practicas/Practica04/target/classes:/home/alexis/.m2/repository/org/junit/jupiter/junit-jupiter/5.5.1/junit-jupiter-5.5.1.jar:/home/alexis/.m2/repository/org/junit/jupiter/junit-jupiter-api/5.5.1/junit-jupiter-api-5.5.1.jar:/home/alexis/.m2/repository/org/apiguardian/apiguardian-api/1.1.0/apiguardian-api-1.1.0.jar:/home/alexis/.m2/repository/org/opentest4j/opentest4j/1.2.0/opentest4j-1.2.0.jar:/home/alexis/.m2/repository/org/junit/platform/junit-platform-commons/1.5.1/junit-platform-commons-1.5.1.jar:/home/alexis/.m2/repository/org/junit/jupiter/junit-jupiter-params/5.5.1/junit-jupiter-params-5.5.1.jar:/home/alexis/.m2/repository/org/junit/jupiter/junit-jupiter-engine/5.5.1/junit-jupiter-engine-5.5.1.jar:/home/alexis/.m2/repository/org/junit/platform/junit-platform-engine/1.5.1/junit-platform-engine-1.5.1.jar:"/>
    <property name="java.vm.vendor" value="Ubuntu"/>
    <property name="sun.arch.data.model" value="64"/>
    <property name="java.vendor.url" value="https://launchpad.net/ubuntu/+source/openjdk-13"/>
    <property name="os.name" value="Linux"/>
    <property name="java.vm.specification.version" value="13"/>
    <property name="sun.java.launcher" value="SUN_STANDARD"/>
    <property name="user.country" value="MX"/>
    <property name="sun.boot.library.path" value="/usr/lib/jvm/java-13-openjdk-amd64/lib"/>
    <property name="sun.java.command" value="/home/alexis/Escritorio/Carpeta/semestre9/Concurrente/Practicas/Practica04/target/surefire/surefirebooter1670298439875393319.jar /home/alexis/Escritorio/Carpeta/semestre9/Concurrente/Practicas/Practica04/target/surefire 2019-11-03T20-20-26_261-jvmRun1 surefire10196198201036765202tmp surefire_04076057219964591613tmp"/>
    <property name="jdk.debug" value="release"/>
    <property name="surefire.test.class.path" value="/home/alexis/Escritorio/Carpeta/semestre9/Concurrente/Practicas/Practica04/target/test-classes:/home/alexis/Escritorio/Carpeta/semestre9/Concurrente/Practicas/Practica04/target/classes:/home/alexis/.m2/repository/org/junit/jupiter/junit-jupiter/5.5.1/junit-jupiter-5.5.1.jar:/home/alexis/.m2/repository/org/junit/jupiter/junit-jupiter-api/5.5.1/junit-jupiter-api-5.5.1.jar:/home/alexis/.m2/repository/org/apiguardian/apiguardian-api/1.1.0/apiguardian-api-1.1.0.jar:/home/alexis/.m2/repository/org/opentest4j/opentest4j/1.2.0/opentest4j-1.2.0.jar:/home/alexis/.m2/repository/org/junit/platform/junit-platform-commons/1.5.1/junit-platform-commons-1.5.1.jar:/home/alexis/.m2/repository/org/junit/jupiter/junit-jupiter-params/5.5.1/junit-jupiter-params-5.5.1.jar:/home/alexis/.m2/repository/org/junit/jupiter/junit-jupiter-engine/5.5.1/junit-jupiter-engine-5.5.1.jar:/home/alexis/.m2/repository/org/junit/platform/junit-platform-engine/1.5.1/junit-platform-engine-1.5.1.jar:"/>
    <property name="sun.cpu.endian" value="little"/>
    <property name="user.home" value="/home/alexis"/>
    <property name="user.language" value="es"/>
    <property name="java.specification.vendor" value="Oracle Corporation"/>
    <property name="java.version.date" value="2019-09-17"/>
    <property name="java.home" value="/usr/lib/jvm/java-13-openjdk-amd64"/>
    <property name="file.separator" value="/"/>
    <property name="basedir" value="/home/alexis/Escritorio/Carpeta/semestre9/Concurrente/Practicas/Practica04"/>
    <property name="java.vm.compressedOopsMode" value="32-bit"/>
    <property name="line.separator" value="&#10;"/>
    <property name="java.specification.name" value="Java Platform API Specification"/>
    <property name="java.vm.specification.vendor" value="Oracle Corporation"/>
    <property name="java.awt.graphicsenv" value="sun.awt.X11GraphicsEnvironment"/>
    <property name="surefire.real.class.path" value="/home/alexis/Escritorio/Carpeta/semestre9/Concurrente/Practicas/Practica04/target/surefire/surefirebooter1670298439875393319.jar"/>
    <property name="sun.management.compiler" value="HotSpot 64-Bit Tiered Compilers"/>
    <property name="java.runtime.version" value="13+13-Ubuntu-0ubunt1"/>
    <property name="user.name" value="alexis"/>
    <property name="path.separator" value=":"/>
    <property name="os.version" value="5.0.0-32-generic"/>
    <property name="java.runtime.name" value="OpenJDK Runtime Environment"/>
    <property name="file.encoding" value="UTF-8"/>
    <property name="java.vm.name" value="OpenJDK 64-Bit Server VM"/>
    <property name="localRepository" value="/home/alexis/.m2/repository"/>
    <property name="java.vendor.url.bug" value="https://bugs.launchpad.net/ubuntu/+source/openjdk-13"/>
    <property name="java.io.tmpdir" value="/tmp"/>
    <property name="java.version" value="13"/>
    <property name="user.dir" value="/home/alexis/Escritorio/Carpeta/semestre9/Concurrente/Practicas/Practica04"/>
    <property name="os.arch" value="amd64"/>
    <property name="java.vm.specification.name" value="Java Virtual Machine Specification"/>
    <property name="java.library.path" value="/usr/java/packages/lib:/usr/lib/x86_64-linux-gnu/jni:/lib/x86_64-linux-gnu:/usr/lib/x86_64-linux-gnu:/usr/lib/jni:/lib:/usr/lib"/>
    <property name="java.vm.info" value="mixed mode, sharing"/>
    <property name="java.vendor" value="Ubuntu"/>
    <property name="java.vm.version" value="13+13-Ubuntu-0ubunt1"/>
    <property name="sun.io.unicode.encoding" value="UnicodeLittle"/>
    <property name="java.class.version" value="57.0"/>
  </properties>
  <testcase name="testOneMaleAndSeveralFemale" classname="unam.ciencias.computoconcurrente.SimulationTest" time="10.125">
    <failure message="expected: &lt;true&gt; but was: &lt;false&gt;" type="org.opentest4j.AssertionFailedError"><![CDATA[org.opentest4j.AssertionFailedError: expected: <true> but was: <false>
	at unam.ciencias.computoconcurrente.SimulationTest.verifyState(SimulationTest.java:149)
	at unam.ciencias.computoconcurrente.SimulationTest.testOneMaleAndSeveralFemale(SimulationTest.java:45)
]]></failure>
    <system-out><![CDATA[
Running tests case males 1 and females 8
Thread-0.unam.ciencias.computoconcurrente.Male starting simulation
Thread-2.unam.ciencias.computoconcurrente.Female starting simulation
Thread-1.unam.ciencias.computoconcurrente.Female starting simulation
Thread-3.unam.ciencias.computoconcurrente.Female starting simulation
Thread-4.unam.ciencias.computoconcurrente.Female starting simulation
Thread-5.unam.ciencias.computoconcurrente.Female starting simulation
Thread-7.unam.ciencias.computoconcurrente.Female starting simulation
Thread-6.unam.ciencias.computoconcurrente.Female starting simulation
Thread-8.unam.ciencias.computoconcurrente.Female starting simulation
Verification thread finishing simulation. Valid exclusion: 0. Invalid Exclusion 49
Thread-0.unam.ciencias.computoconcurrente.Male finishing simulation, used the toilette 31
]]></system-out>
    <system-err><![CDATA[Exception in thread "Thread-3" Exception in thread "Thread-2" java.lang.IllegalMonitorStateException
	at java.base/java.util.concurrent.locks.ReentrantLock$Sync.tryRelease(ReentrantLock.java:149)
	at java.base/java.util.concurrent.locks.AbstractQueuedSynchronizer.release(AbstractQueuedSynchronizer.java:1302)
	at java.base/java.util.concurrent.locks.ReentrantLock.unlock(ReentrantLock.java:439)
	at unam.ciencias.computoconcurrente.Toilette.enterFemale(Toilette.java:86)
	at unam.ciencias.computoconcurrente.Female.enterToilette(Female.java:11)
	at unam.ciencias.computoconcurrente.Participant.run(Participant.java:26)
	at java.base/java.lang.Thread.run(Thread.java:835)
Exception in thread "Thread-1" Exception in thread "Thread-4" java.lang.IllegalMonitorStateException
	at java.base/java.util.concurrent.locks.ReentrantLock$Sync.tryRelease(ReentrantLock.java:149)
	at java.base/java.util.concurrent.locks.AbstractQueuedSynchronizer.release(AbstractQueuedSynchronizer.java:1302)
	at java.base/java.util.concurrent.locks.ReentrantLock.unlock(ReentrantLock.java:439)
	at unam.ciencias.computoconcurrente.Toilette.enterFemale(Toilette.java:86)
	at unam.ciencias.computoconcurrente.Female.enterToilette(Female.java:11)
	at unam.ciencias.computoconcurrente.Participant.run(Participant.java:26)
	at java.base/java.lang.Thread.run(Thread.java:835)
java.lang.IllegalMonitorStateException
	at java.base/java.util.concurrent.locks.ReentrantLock$Sync.tryRelease(ReentrantLock.java:149)
	at java.base/java.util.concurrent.locks.AbstractQueuedSynchronizer.release(AbstractQueuedSynchronizer.java:1302)
	at java.base/java.util.concurrent.locks.ReentrantLock.unlock(ReentrantLock.java:439)
	at unam.ciencias.computoconcurrente.Toilette.enterFemale(Toilette.java:86)
	at unam.ciencias.computoconcurrente.Female.enterToilette(Female.java:11)
	at unam.ciencias.computoconcurrente.Participant.run(Participant.java:26)
	at java.base/java.lang.Thread.run(Thread.java:835)
Exception in thread "Thread-8" Exception in thread "Thread-7" java.lang.IllegalMonitorStateException
	at java.base/java.util.concurrent.locks.ReentrantLock$Sync.tryRelease(ReentrantLock.java:149)
	at java.base/java.util.concurrent.locks.AbstractQueuedSynchronizer.release(AbstractQueuedSynchronizer.java:1302)
	at java.base/java.util.concurrent.locks.ReentrantLock.unlock(ReentrantLock.java:439)
	at unam.ciencias.computoconcurrente.Toilette.enterFemale(Toilette.java:86)
	at unam.ciencias.computoconcurrente.Female.enterToilette(Female.java:11)
	at unam.ciencias.computoconcurrente.Participant.run(Participant.java:26)
	at java.base/java.lang.Thread.run(Thread.java:835)
java.lang.IllegalMonitorStateException
	at java.base/java.util.concurrent.locks.ReentrantLock$Sync.tryRelease(ReentrantLock.java:149)
	at java.base/java.util.concurrent.locks.AbstractQueuedSynchronizer.release(AbstractQueuedSynchronizer.java:1302)
	at java.base/java.util.concurrent.locks.ReentrantLock.unlock(ReentrantLock.java:439)
	at unam.ciencias.computoconcurrente.Toilette.enterFemale(Toilette.java:86)
	at unam.ciencias.computoconcurrente.Female.enterToilette(Female.java:11)
	at unam.ciencias.computoconcurrente.Participant.run(Participant.java:26)
	at java.base/java.lang.Thread.run(Thread.java:835)
Exception in thread "Thread-6" java.lang.IllegalMonitorStateException
	at java.base/java.util.concurrent.locks.ReentrantLock$Sync.tryRelease(ReentrantLock.java:149)
	at java.base/java.util.concurrent.locks.AbstractQueuedSynchronizer.release(AbstractQueuedSynchronizer.java:1302)
	at java.base/java.util.concurrent.locks.ReentrantLock.unlock(ReentrantLock.java:439)
	at unam.ciencias.computoconcurrente.Toilette.enterFemale(Toilette.java:86)
	at unam.ciencias.computoconcurrente.Female.enterToilette(Female.java:11)
	at unam.ciencias.computoconcurrente.Participant.run(Participant.java:26)
	at java.base/java.lang.Thread.run(Thread.java:835)
Exception in thread "Thread-5" java.lang.IllegalMonitorStateException
	at java.base/java.util.concurrent.locks.ReentrantLock$Sync.tryRelease(ReentrantLock.java:149)
	at java.base/java.util.concurrent.locks.AbstractQueuedSynchronizer.release(AbstractQueuedSynchronizer.java:1302)
	at java.base/java.util.concurrent.locks.ReentrantLock.unlock(ReentrantLock.java:439)
	at unam.ciencias.computoconcurrente.Toilette.enterFemale(Toilette.java:86)
	at unam.ciencias.computoconcurrente.Female.enterToilette(Female.java:11)
	at unam.ciencias.computoconcurrente.Participant.run(Participant.java:26)
	at java.base/java.lang.Thread.run(Thread.java:835)
java.lang.IllegalMonitorStateException
	at java.base/java.util.concurrent.locks.ReentrantLock$Sync.tryRelease(ReentrantLock.java:149)
	at java.base/java.util.concurrent.locks.AbstractQueuedSynchronizer.release(AbstractQueuedSynchronizer.java:1302)
	at java.base/java.util.concurrent.locks.ReentrantLock.unlock(ReentrantLock.java:439)
	at unam.ciencias.computoconcurrente.Toilette.enterFemale(Toilette.java:86)
	at unam.ciencias.computoconcurrente.Female.enterToilette(Female.java:11)
	at unam.ciencias.computoconcurrente.Participant.run(Participant.java:26)
	at java.base/java.lang.Thread.run(Thread.java:835)
]]></system-err>
  </testcase>
  <testcase name="testSeveralMaleAndOneFemale" classname="unam.ciencias.computoconcurrente.SimulationTest" time="10.022">
    <failure message="expected: &lt;true&gt; but was: &lt;false&gt;" type="org.opentest4j.AssertionFailedError"><![CDATA[org.opentest4j.AssertionFailedError: expected: <true> but was: <false>
	at unam.ciencias.computoconcurrente.SimulationTest.verifyState(SimulationTest.java:149)
	at unam.ciencias.computoconcurrente.SimulationTest.testSeveralMaleAndOneFemale(SimulationTest.java:39)
]]></failure>
    <system-out><![CDATA[
Running tests case males 6 and females 1
Thread-10.unam.ciencias.computoconcurrente.Male starting simulation
Thread-11.unam.ciencias.computoconcurrente.Male starting simulation
Thread-12.unam.ciencias.computoconcurrente.Male starting simulation
Thread-13.unam.ciencias.computoconcurrente.Male starting simulation
Thread-14.unam.ciencias.computoconcurrente.Male starting simulation
Thread-16.unam.ciencias.computoconcurrente.Female starting simulation
Thread-15.unam.ciencias.computoconcurrente.Male starting simulation
Thread-11.unam.ciencias.computoconcurrente.Male finishing simulation, used the toilette 27
Thread-16.unam.ciencias.computoconcurrente.Female finishing simulation, used the toilette 27
Thread-14.unam.ciencias.computoconcurrente.Male finishing simulation, used the toilette 27
Thread-13.unam.ciencias.computoconcurrente.Male finishing simulation, used the toilette 26
Verification thread finishing simulation. Valid exclusion: 0. Invalid Exclusion 49
Thread-10.unam.ciencias.computoconcurrente.Male finishing simulation, used the toilette 29
Thread-15.unam.ciencias.computoconcurrente.Male finishing simulation, used the toilette 32
Thread-12.unam.ciencias.computoconcurrente.Male finishing simulation, used the toilette 29
]]></system-out>
  </testcase>
  <testcase name="testSeveralMaleAndSeveralFemale" classname="unam.ciencias.computoconcurrente.SimulationTest" time="10.075">
    <failure message="expected: &lt;true&gt; but was: &lt;false&gt;" type="org.opentest4j.AssertionFailedError"><![CDATA[org.opentest4j.AssertionFailedError: expected: <true> but was: <false>
	at unam.ciencias.computoconcurrente.SimulationTest.verifyState(SimulationTest.java:149)
	at unam.ciencias.computoconcurrente.SimulationTest.testSeveralMaleAndSeveralFemale(SimulationTest.java:51)
]]></failure>
    <system-out><![CDATA[
Running tests case males 5 and females 7
Thread-18.unam.ciencias.computoconcurrente.Male starting simulation
Thread-19.unam.ciencias.computoconcurrente.Male starting simulation
Thread-20.unam.ciencias.computoconcurrente.Male starting simulation
Thread-21.unam.ciencias.computoconcurrente.Male starting simulation
Thread-22.unam.ciencias.computoconcurrente.Male starting simulation
Thread-24.unam.ciencias.computoconcurrente.Female starting simulation
Thread-23.unam.ciencias.computoconcurrente.Female starting simulation
Thread-25.unam.ciencias.computoconcurrente.Female starting simulation
Thread-26.unam.ciencias.computoconcurrente.Female starting simulation
Thread-27.unam.ciencias.computoconcurrente.Female starting simulation
Thread-28.unam.ciencias.computoconcurrente.Female starting simulation
Thread-29.unam.ciencias.computoconcurrente.Female starting simulation
Thread-20.unam.ciencias.computoconcurrente.Male finishing simulation, used the toilette 25
Verification thread finishing simulation. Valid exclusion: 0. Invalid Exclusion 49
Thread-21.unam.ciencias.computoconcurrente.Male finishing simulation, used the toilette 26
Thread-29.unam.ciencias.computoconcurrente.Female finishing simulation, used the toilette 11
Thread-18.unam.ciencias.computoconcurrente.Male finishing simulation, used the toilette 27
]]></system-out>
    <system-err><![CDATA[Exception in thread "Thread-19" java.lang.IllegalMonitorStateException
	at java.base/java.util.concurrent.locks.ReentrantLock$Sync.tryRelease(ReentrantLock.java:149)
	at java.base/java.util.concurrent.locks.AbstractQueuedSynchronizer.release(AbstractQueuedSynchronizer.java:1302)
	at java.base/java.util.concurrent.locks.ReentrantLock.unlock(ReentrantLock.java:439)
	at unam.ciencias.computoconcurrente.Toilette.enterMale(Toilette.java:51)
	at unam.ciencias.computoconcurrente.Male.enterToilette(Male.java:11)
	at unam.ciencias.computoconcurrente.Participant.run(Participant.java:26)
	at java.base/java.lang.Thread.run(Thread.java:835)
Exception in thread "Thread-23" java.lang.IllegalMonitorStateException
	at java.base/java.util.concurrent.locks.ReentrantLock$Sync.tryRelease(ReentrantLock.java:149)
	at java.base/java.util.concurrent.locks.AbstractQueuedSynchronizer.release(AbstractQueuedSynchronizer.java:1302)
	at java.base/java.util.concurrent.locks.ReentrantLock.unlock(ReentrantLock.java:439)
	at unam.ciencias.computoconcurrente.Toilette.enterFemale(Toilette.java:86)
	at unam.ciencias.computoconcurrente.Female.enterToilette(Female.java:11)
	at unam.ciencias.computoconcurrente.Participant.run(Participant.java:26)
	at java.base/java.lang.Thread.run(Thread.java:835)
Exception in thread "Thread-28" java.lang.IllegalMonitorStateException
	at java.base/java.util.concurrent.locks.ReentrantLock$Sync.tryRelease(ReentrantLock.java:149)
	at java.base/java.util.concurrent.locks.AbstractQueuedSynchronizer.release(AbstractQueuedSynchronizer.java:1302)
	at java.base/java.util.concurrent.locks.ReentrantLock.unlock(ReentrantLock.java:439)
	at unam.ciencias.computoconcurrente.Toilette.enterFemale(Toilette.java:86)
	at unam.ciencias.computoconcurrente.Female.enterToilette(Female.java:11)
	at unam.ciencias.computoconcurrente.Participant.run(Participant.java:26)
	at java.base/java.lang.Thread.run(Thread.java:835)
Exception in thread "Thread-25" java.lang.IllegalMonitorStateException
	at java.base/java.util.concurrent.locks.ReentrantLock$Sync.tryRelease(ReentrantLock.java:149)
	at java.base/java.util.concurrent.locks.AbstractQueuedSynchronizer.release(AbstractQueuedSynchronizer.java:1302)
	at java.base/java.util.concurrent.locks.ReentrantLock.unlock(ReentrantLock.java:439)
	at unam.ciencias.computoconcurrente.Toilette.enterFemale(Toilette.java:86)
	at unam.ciencias.computoconcurrente.Female.enterToilette(Female.java:11)
	at unam.ciencias.computoconcurrente.Participant.run(Participant.java:26)
	at java.base/java.lang.Thread.run(Thread.java:835)
Exception in thread "Thread-27" java.lang.IllegalMonitorStateException
	at java.base/java.util.concurrent.locks.ReentrantLock$Sync.tryRelease(ReentrantLock.java:149)
	at java.base/java.util.concurrent.locks.AbstractQueuedSynchronizer.release(AbstractQueuedSynchronizer.java:1302)
	at java.base/java.util.concurrent.locks.ReentrantLock.unlock(ReentrantLock.java:439)
	at unam.ciencias.computoconcurrente.Toilette.enterFemale(Toilette.java:86)
	at unam.ciencias.computoconcurrente.Female.enterToilette(Female.java:11)
	at unam.ciencias.computoconcurrente.Participant.run(Participant.java:26)
	at java.base/java.lang.Thread.run(Thread.java:835)
Exception in thread "Thread-26" Exception in thread "Thread-22" java.lang.IllegalMonitorStateException
	at java.base/java.util.concurrent.locks.ReentrantLock$Sync.tryRelease(ReentrantLock.java:149)
	at java.base/java.util.concurrent.locks.AbstractQueuedSynchronizer.release(AbstractQueuedSynchronizer.java:1302)
	at java.base/java.util.concurrent.locks.ReentrantLock.unlock(ReentrantLock.java:439)
	at unam.ciencias.computoconcurrente.Toilette.enterFemale(Toilette.java:86)
	at unam.ciencias.computoconcurrente.Female.enterToilette(Female.java:11)
	at unam.ciencias.computoconcurrente.Participant.run(Participant.java:26)
	at java.base/java.lang.Thread.run(Thread.java:835)
Exception in thread "Thread-24" java.lang.IllegalMonitorStateException
	at java.base/java.util.concurrent.locks.ReentrantLock$Sync.tryRelease(ReentrantLock.java:149)
	at java.base/java.util.concurrent.locks.AbstractQueuedSynchronizer.release(AbstractQueuedSynchronizer.java:1302)
	at java.base/java.util.concurrent.locks.ReentrantLock.unlock(ReentrantLock.java:439)
	at unam.ciencias.computoconcurrente.Toilette.enterFemale(Toilette.java:86)
	at unam.ciencias.computoconcurrente.Female.enterToilette(Female.java:11)
	at unam.ciencias.computoconcurrente.Participant.run(Participant.java:26)
	at java.base/java.lang.Thread.run(Thread.java:835)
java.lang.IllegalMonitorStateException
	at java.base/java.util.concurrent.locks.ReentrantLock$Sync.tryRelease(ReentrantLock.java:149)
	at java.base/java.util.concurrent.locks.AbstractQueuedSynchronizer.release(AbstractQueuedSynchronizer.java:1302)
	at java.base/java.util.concurrent.locks.ReentrantLock.unlock(ReentrantLock.java:439)
	at unam.ciencias.computoconcurrente.Toilette.enterMale(Toilette.java:51)
	at unam.ciencias.computoconcurrente.Male.enterToilette(Male.java:11)
	at unam.ciencias.computoconcurrente.Participant.run(Participant.java:26)
	at java.base/java.lang.Thread.run(Thread.java:835)
]]></system-err>
  </testcase>
  <testcase name="testOneMaleAndOneFemale" classname="unam.ciencias.computoconcurrente.SimulationTest" time="9.99">
    <failure message="expected: &lt;true&gt; but was: &lt;false&gt;" type="org.opentest4j.AssertionFailedError"><![CDATA[org.opentest4j.AssertionFailedError: expected: <true> but was: <false>
	at unam.ciencias.computoconcurrente.SimulationTest.verifyState(SimulationTest.java:149)
	at unam.ciencias.computoconcurrente.SimulationTest.testOneMaleAndOneFemale(SimulationTest.java:33)
]]></failure>
    <system-out><![CDATA[
Running tests case males 1 and females 1
Thread-31.unam.ciencias.computoconcurrente.Male starting simulation
Thread-32.unam.ciencias.computoconcurrente.Female starting simulation
Thread-32.unam.ciencias.computoconcurrente.Female finishing simulation, used the toilette 32
Verification thread finishing simulation. Valid exclusion: 0. Invalid Exclusion 49
]]></system-out>
    <system-err><![CDATA[Exception in thread "Thread-31" java.lang.IllegalMonitorStateException
	at java.base/java.util.concurrent.locks.ReentrantLock$Sync.tryRelease(ReentrantLock.java:149)
	at java.base/java.util.concurrent.locks.AbstractQueuedSynchronizer.release(AbstractQueuedSynchronizer.java:1302)
	at java.base/java.util.concurrent.locks.ReentrantLock.unlock(ReentrantLock.java:439)
	at unam.ciencias.computoconcurrente.Toilette.enterMale(Toilette.java:51)
	at unam.ciencias.computoconcurrente.Male.enterToilette(Male.java:11)
	at unam.ciencias.computoconcurrente.Participant.run(Participant.java:26)
	at java.base/java.lang.Thread.run(Thread.java:835)
]]></system-err>
  </testcase>
</testsuite>